[2026-05-11 00:14:45] 🚀 Starting health check...
[2026-05-11 00:14:45] 🔍 Testing all pages...
[2026-05-11 00:15:31] 📊 Pages tested: 25, Broken: 0
[2026-05-11 00:15:31] ✅ All pages OK!
[2026-05-11 00:15:31] ✅ Health check complete, all good!
[2026-05-11 02:00:02] 🚀 Starting health check...
[2026-05-11 02:00:02] 🔍 Testing all pages...
[2026-05-11 02:00:22] 📊 Pages tested: 25, Broken: 0
[2026-05-11 02:00:22] ✅ All pages OK!
[2026-05-11 02:00:22] ✅ Health check complete, all good!
[2026-05-11 04:00:02] 🚀 Starting health check...
[2026-05-11 04:00:02] 🔍 Testing all pages...
[2026-05-11 04:00:18] 📊 Pages tested: 25, Broken: 0
[2026-05-11 04:00:18] ✅ All pages OK!
[2026-05-11 04:00:18] ✅ Health check complete, all good!
[2026-05-11 06:00:02] 🚀 Starting health check...
[2026-05-11 06:00:02] 🔍 Testing all pages...
[2026-05-11 06:00:17] 📊 Pages tested: 25, Broken: 0
[2026-05-11 06:00:17] ✅ All pages OK!
[2026-05-11 06:00:17] ✅ Health check complete, all good!
[2026-05-11 08:00:02] 🚀 Starting health check...
[2026-05-11 08:00:02] 🔍 Testing all pages...
